<?xml version="1.0" encoding="UTF-8"?>
<!-- Generated by org.testng.reporters.JUnitReportReporter -->
<testsuite hostname="BefysSurfaceGO" failures="0" tests="1" name="windowHandling.WindowHandle" time="23.677" errors="0" timestamp="2021-09-17T11:56:47 AMT" skipped="0">
  <testcase classname="windowHandling.WindowHandle" name="windowHANDLE" time="23.677"/>
  <system-out/>
</testsuite> <!-- windowHandling.WindowHandle -->
